<?xml version="1.0" encoding="UTF-8"?>
<!-- Generated by org.testng.reporters.JUnitXMLReporter -->
<testsuite ignored="7" hostname="LAPTOP-LO7MB9TB" failures="0" tests="10" name="Chrome Browser Compatibility Test" time="54.993" errors="0" timestamp="2021-02-19T13:48:00 IST">
  <testcase classname="com.royalcarribbean.testcases.TestCase" name="scroll" time="7.377"/>
  <testcase classname="com.royalcarribbean.testcases.TestCase" name="isHolidayCruiseElementPresent" time="1.166"/>
  <testcase classname="com.royalcarribbean.testcases.TestCase" name="clickOnHolidayCruise" time="6.59"/>
  <testcase classname="com.royalcarribbean.testcases.TestCase" name="isSearchButtonPresentandclickOnIt" time="2.835"/>
  <testcase classname="com.royalcarribbean.testcases.TestCase" name="DoTheSearch" time="7.224"/>
  <testcase classname="com.royalcarribbean.testcases.TestCase" name="compareResults" time="0.694"/>
  <testcase classname="com.royalcarribbean.testcases.TestCase" name="findAndclickOnResult" time="0.693"/>
  <testcase classname="com.royalcarribbean.testcases.TestCase" name="isImagePresent" time="6.726"/>
  <testcase classname="com.royalcarribbean.testcases.TestCase" name="selectView" time="0.483"/>
  <testcase classname="com.royalcarribbean.testcases.TestCase" name="isRoyalSuitePresent" time="0.101"/>
  <testcase classname="com.royalcarribbean.utility.Driver" name="@BeforeTest setupDriver" time="0.0">
    <ignored/>
  </testcase> <!-- @BeforeTest setupDriver -->
  <testcase classname="com.royalcarribbean.utility.Driver" name="@BeforeTest setupDriver" time="0.0">
    <ignored/>
  </testcase> <!-- @BeforeTest setupDriver -->
  <testcase classname="com.royalcarribbean.testobject.LibraryFunctions" name="@BeforeSuite initializeReportMessageList" time="0.0">
    <ignored/>
  </testcase> <!-- @BeforeSuite initializeReportMessageList -->
  <testcase classname="com.royalcarribbean.testobject.LibraryFunctions" name="@BeforeTest initializeThePropertiesFile" time="0.0">
    <ignored/>
  </testcase> <!-- @BeforeTest initializeThePropertiesFile -->
  <testcase classname="com.royalcarribbean.utility.Driver" name="@AfterTest killTheBrowser" time="0.0">
    <ignored/>
  </testcase> <!-- @AfterTest killTheBrowser -->
  <testcase classname="com.royalcarribbean.utility.Driver" name="@AfterTest killTheBrowser" time="0.0">
    <ignored/>
  </testcase> <!-- @AfterTest killTheBrowser -->
  <testcase classname="com.royalcarribbean.testobject.LibraryFunctions" name="@AfterSuite logReportToExcel" time="0.0">
    <ignored/>
  </testcase> <!-- @AfterSuite logReportToExcel -->
</testsuite> <!-- Chrome Browser Compatibility Test -->
