<?xml version="1.0" encoding="UTF-8"?>
<!-- Generated by org.testng.reporters.JUnitXMLReporter -->
<testsuite ignored="7" hostname="LAPTOP-LO7MB9TB" failures="0" tests="10" name="Mozilla Firefox Browser Compatibility Test" time="59.115" errors="0" timestamp="2021-02-19T13:49:00 IST">
  <testcase classname="com.royalcarribbean.testcases.TestCase" name="scroll" time="8.337"/>
  <testcase classname="com.royalcarribbean.testcases.TestCase" name="isHolidayCruiseElementPresent" time="1.208"/>
  <testcase classname="com.royalcarribbean.testcases.TestCase" name="clickOnHolidayCruise" time="9.201"/>
  <testcase classname="com.royalcarribbean.testcases.TestCase" name="isSearchButtonPresentandclickOnIt" time="2.081"/>
  <testcase classname="com.royalcarribbean.testcases.TestCase" name="DoTheSearch" time="5.797"/>
  <testcase classname="com.royalcarribbean.testcases.TestCase" name="compareResults" time="0.434"/>
  <testcase classname="com.royalcarribbean.testcases.TestCase" name="findAndclickOnResult" time="7.114"/>
  <testcase classname="com.royalcarribbean.testcases.TestCase" name="isImagePresent" time="0.388"/>
  <testcase classname="com.royalcarribbean.testcases.TestCase" name="selectView" time="0.635"/>
  <testcase classname="com.royalcarribbean.testcases.TestCase" name="isRoyalSuitePresent" time="0.117"/>
  <testcase classname="com.royalcarribbean.utility.Driver" name="@BeforeTest setupDriver" time="0.0">
    <ignored/>
  </testcase> <!-- @BeforeTest setupDriver -->
  <testcase classname="com.royalcarribbean.utility.Driver" name="@BeforeTest setupDriver" time="0.0">
    <ignored/>
  </testcase> <!-- @BeforeTest setupDriver -->
  <testcase classname="com.royalcarribbean.testobject.LibraryFunctions" name="@BeforeSuite initializeReportMessageList" time="0.0">
    <ignored/>
  </testcase> <!-- @BeforeSuite initializeReportMessageList -->
  <testcase classname="com.royalcarribbean.testobject.LibraryFunctions" name="@BeforeTest initializeThePropertiesFile" time="0.0">
    <ignored/>
  </testcase> <!-- @BeforeTest initializeThePropertiesFile -->
  <testcase classname="com.royalcarribbean.utility.Driver" name="@AfterTest killTheBrowser" time="0.0">
    <ignored/>
  </testcase> <!-- @AfterTest killTheBrowser -->
  <testcase classname="com.royalcarribbean.utility.Driver" name="@AfterTest killTheBrowser" time="0.0">
    <ignored/>
  </testcase> <!-- @AfterTest killTheBrowser -->
  <testcase classname="com.royalcarribbean.testobject.LibraryFunctions" name="@AfterSuite logReportToExcel" time="0.0">
    <ignored/>
  </testcase> <!-- @AfterSuite logReportToExcel -->
</testsuite> <!-- Mozilla Firefox Browser Compatibility Test -->
